Removed Member From Class: ClassName=bee_hive_1 Member=IC?
Change Component Designator: OldDesignator=C? NewDesignator=C1
Change Component Designator: OldDesignator=C? NewDesignator=C2
Change Component Designator: OldDesignator=C? NewDesignator=C3
Change Component Designator: OldDesignator=C? NewDesignator=C4
Change Component Designator: OldDesignator=D? NewDesignator=D1
Change Component Designator: OldDesignator=D? NewDesignator=D2
Change Component Designator: OldDesignator=IC? NewDesignator=IC1
Change Component Designator: OldDesignator=IC? NewDesignator=IC2
Change Component Designator: OldDesignator=J? NewDesignator=J1
Change Component Designator: OldDesignator=J? NewDesignator=J2
Change Component Designator: OldDesignator=NodeMCU-? NewDesignator=NodeMCU-1
Change Component Designator: OldDesignator=R? NewDesignator=R1
Change Component Designator: OldDesignator=R? NewDesignator=R2
Change Component Designator: OldDesignator=R? NewDesignator=R3
Change Component Designator: OldDesignator=R? NewDesignator=R4
Change Component Designator: OldDesignator=R? NewDesignator=R5
Change Net Name : Old Net Name=NetD?_2 New Net Name=NetD1_2
Change Net Name : Old Net Name=NetIC?_3 New Net Name=NetIC2_3
Change Net Name : Old Net Name=NetIC?_4 New Net Name=NetIC2_4
Added Pin To Net: NetName=NetD2_2 Pin=D2-2
Added Pin To Net: NetName=NetD2_2 Pin=R2-2
Added Net: Name=NetD2_2
Added Member To Class: ClassName=bee_hive_1 Member=Component C1 BKME500ELL100MF11D
Added Member To Class: ClassName=bee_hive_1 Member=Component C2 BKME500ELL100MF11D
Added Member To Class: ClassName=bee_hive_1 Member=Component C4 Cap2
Added Member To Class: ClassName=bee_hive_1 Member=Component D1 12v
Added Member To Class: ClassName=bee_hive_1 Member=Component D2 5v
Added Member To Class: ClassName=bee_hive_1 Member=Component IC1 ams1117-3.3v
Added Member To Class: ClassName=bee_hive_1 Member=Component J1 0022032041
Added Member To Class: ClassName=bee_hive_1 Member=Component J2 PJ-102B
Added Member To Class: ClassName=bee_hive_1 Member=Component R1 MRS25000C1000FCT00
Added Member To Class: ClassName=bee_hive_1 Member=Component R2 MRS25000C1000FCT00
Added Member To Class: ClassName=bee_hive_1 Member=Component R4 Res1
Added Member To Class: ClassName=bee_hive_1 Member=Component R5 Res1
Added Room: Name=bee_hive_1
