Added Component: Designator=IC?(SOT229P700X180-4N)
Add component. Clean all parameters for all variants
Add component (AddParameter): Name = "Datasheet Link"; Value = "http://www.advanced-monolithic.com/pdf/ds1117.pdf"; VariantName = "[No Variations]"
Add component (AddParameter): Name = "Height"; Value = "1.8mm"; VariantName = "[No Variations]"
Add component (AddParameter): Name = "Manufacturer_Name"; Value = "Advanced Monolithic Systems"; VariantName = "[No Variations]"
Add component (AddParameter): Name = "Manufacturer_Part_Number"; Value = "ams1117-3.3v"; VariantName = "[No Variations]"
Add component (AddParameter): Name = "Mouser Part Number"; Value = ""; VariantName = "[No Variations]"
Add component (AddParameter): Name = "Mouser Price/Stock"; Value = ""; VariantName = "[No Variations]"
Add component (AddParameter): Name = "RS Part Number"; Value = ""; VariantName = "[No Variations]"
Add component (AddParameter): Name = "RS Price/Stock"; Value = ""; VariantName = "[No Variations]"
Added Component: Designator=IC?(SOT229P700X180-4N)
Add component. Clean all parameters for all variants
Add component (AddParameter): Name = "Datasheet Link"; Value = "http://www.advanced-monolithic.com/pdf/ds1117.pdf"; VariantName = "[No Variations]"
Add component (AddParameter): Name = "Height"; Value = "1.8mm"; VariantName = "[No Variations]"
Add component (AddParameter): Name = "Manufacturer_Name"; Value = "Advanced Monolithic Systems"; VariantName = "[No Variations]"
Add component (AddParameter): Name = "Manufacturer_Part_Number"; Value = "ams1117-3.3v"; VariantName = "[No Variations]"
Add component (AddParameter): Name = "Mouser Part Number"; Value = ""; VariantName = "[No Variations]"
Add component (AddParameter): Name = "Mouser Price/Stock"; Value = ""; VariantName = "[No Variations]"
Add component (AddParameter): Name = "RS Part Number"; Value = ""; VariantName = "[No Variations]"
Add component (AddParameter): Name = "RS Price/Stock"; Value = ""; VariantName = "[No Variations]"
Added Pin To Net: NetName=NetIC?_3 Pin=IC?-3
Added Pin To Net: NetName=NetIC?_3 Pin=NodeMCU-?-RST
Added Net: Name=NetIC?_3
Added Pin To Net: NetName=NetIC?_4 Pin=IC?-4
Added Pin To Net: NetName=NetIC?_4 Pin=NodeMCU-?-3V3
Added Pin To Net: NetName=NetIC?_4 Pin=NodeMCU-?-3V3
Added Pin To Net: NetName=NetIC?_4 Pin=NodeMCU-?-3V3
Added Net: Name=NetIC?_4
Added Member To Class: ClassName=bee_hive_1 Member=Component C? Cap2
Added Member To Class: ClassName=bee_hive_1 Member=Component D? LED0
Added Member To Class: ClassName=bee_hive_1 Member=Component D? LED0
Added Member To Class: ClassName=bee_hive_1 Member=Component IC? ams1117-3.3v
Added Member To Class: ClassName=bee_hive_2 Member=Component IC? ams1117-3.3v
Added Member To Class: ClassName=bee_hive_1 Member=Component J? B4B-XH-A(LF)(SN)
Added Member To Class: ClassName=bee_hive_1 Member=Component J? PJ-102B
Added Member To Class: ClassName=bee_hive_1 Member=Component J? PJ-102B
Added Member To Class: ClassName=bee_hive_1 Member=Component J? PJ-102B
Added Member To Class: ClassName=bee_hive_1 Member=Component R? Res1
Added Member To Class: ClassName=bee_hive_1 Member=Component R? Res1
