Change Component Designator: Old Designator=A0_ip New Designator=A1
Change Component Designator: Old Designator=BR? New Designator=BR1
Change Component Designator: Old Designator=C1 New Designator=C2
Change Component Designator: Old Designator=C2 New Designator=C1
Change Component Designator: Old Designator=D? New Designator=D4
Change Component Designator: Old Designator=D? New Designator=D5
Change Component Designator: Old Designator=D? New Designator=D6
Change Component Designator: Old Designator=d_io New Designator=d_io1
Change Component Designator: Old Designator=i2c New Designator=i1
Change Component Designator: Old Designator=IC? New Designator=IC1
Change Component Designator: Old Designator=IC? New Designator=IC2
Change Component Designator: Old Designator=io? New Designator=io1
Change Component Designator: Old Designator=J3 New Designator=J4
Change Component Designator: Old Designator=J4 New Designator=J3
Change Component Designator: Old Designator=J? New Designator=J5
Change Component Designator: Old Designator=K? New Designator=K1
Change Component Designator: Old Designator=LS? New Designator=LS1
Change Component Designator: Old Designator=R? New Designator=R4
Change Component Designator: Old Designator=R? New Designator=R5
Change Component Designator: Old Designator=R? New Designator=R6
Change Component Designator: Old Designator=R? New Designator=R7
Change Component Designator: Old Designator=R? New Designator=R8
Change Component Designator: Old Designator=R? New Designator=R9
Change Component Designator: Old Designator=R? New Designator=R10
Change Component Designator: Old Designator=R? New Designator=R11
Change Component Designator: Old Designator=R? New Designator=R12
Change Component Designator: Old Designator=R? New Designator=R13
Change Component Designator: Old Designator=R? New Designator=R14
Change Component Designator: Old Designator=R? New Designator=R15
Change Component Designator: Old Designator=S? New Designator=S1
Change Component Designator: Old Designator=UART New Designator=UART1
