Removed Pin From Net: NetName=VCC Pin=D?-2
Added Component: Designator=NodeMCU-1(NodeMCU V1.0 ESP-12E)
Add component. Clean all parameters for all variants
Added Pin To Net: NetName=VCC Pin=D?-2
Added Pin To Net: NetName=NetD3_1 Pin=NodeMCU-1-3V3
Added Pin To Net: NetName=NetD3_1 Pin=NodeMCU-1-3V3
Added Pin To Net: NetName=NetD3_1 Pin=NodeMCU-1-3V3
Added Pin To Net: NetName=NetK?_5 Pin=NodeMCU-1-A0
Added Pin To Net: NetName=Netio?_1 Pin=NodeMCU-1-CLK
Added Pin To Net: NetName=Netio?_3 Pin=NodeMCU-1-CMD
Added Pin To Net: NetName=NetIC?_1 Pin=NodeMCU-1-D0
Added Pin To Net: NetName=Neti2c_2 Pin=NodeMCU-1-D1
Added Pin To Net: NetName=Neti2c_2 Pin=NodeMCU-1-D2
Added Pin To Net: NetName=NetIC?_2 Pin=NodeMCU-1-D3
Added Pin To Net: NetName=NetIC?_3 Pin=NodeMCU-1-D4
Added Pin To Net: NetName=Netd_io_1 Pin=NodeMCU-1-D5
Added Pin To Net: NetName=Netd_io_2 Pin=NodeMCU-1-D6
Added Pin To Net: NetName=Netd_io_3 Pin=NodeMCU-1-D7
Added Pin To Net: NetName=Netd_io_4 Pin=NodeMCU-1-D8
Added Pin To Net: NetName=GND Pin=NodeMCU-1-GND
Added Pin To Net: NetName=GND Pin=NodeMCU-1-GND
Added Pin To Net: NetName=GND Pin=NodeMCU-1-GND
Added Pin To Net: NetName=GND Pin=NodeMCU-1-GND
Added Pin To Net: NetName=NetNodeMCU-1_RST Pin=NodeMCU-1-RST
Added Pin To Net: NetName=NetNodeMCU-1_RX Pin=NodeMCU-1-RX
Added Pin To Net: NetName=Netio?_2 Pin=NodeMCU-1-SD0
Added Pin To Net: NetName=Netio?_4 Pin=NodeMCU-1-SD1
Added Pin To Net: NetName=NetIC?_5 Pin=NodeMCU-1-SD2
Added Pin To Net: NetName=NetIC?_4 Pin=NodeMCU-1-SD3
Added Pin To Net: NetName=NetNodeMCU-1_TX Pin=NodeMCU-1-TX
Added Pin To Net: NetName=+5 Pin=NodeMCU-1-VIN
Added Member To Class: ClassName=bee_hive_1 Member=Component D? 5v
Added Member To Class: ClassName=bee_hive_1 Member=Component D? 5v
Added Member To Class: ClassName=bee_hive_1 Member=Component NodeMCU-1 NodeMCU V1.0 ESP-12E
Added Member To Class: ClassName=bee_hive_1 Member=Component R? Res1
Added Member To Class: ClassName=bee_hive_1 Member=Component R? Res1
Added Member To Class: ClassName=bee_hive_1 Member=Component R? Res1
Added Member To Class: ClassName=bee_hive_1 Member=Component R? Res1
Added Member To Class: ClassName=bee_hive_1 Member=Component R? MRS25000C1000FCT00
Added Member To Class: ClassName=bee_hive_1 Member=Component R? Res1
Added Member To Class: ClassName=bee_hive_1 Member=Component R? Res1
Added Member To Class: ClassName=bee_hive_1 Member=Component R? Res1
Added Member To Class: ClassName=bee_hive_1 Member=Component R? Res1
Added Member To Class: ClassName=bee_hive_1 Member=Component R? Res1
Added Member To Class: ClassName=bee_hive_1 Member=Component R? Res1
