Removed Pin From Net: NetName=VCC Pin=IC?-1
Removed Pin From Net: NetName=GND Pin=IC?-2
Removed Pin From Net: NetName=+5 Pin=IC?-3
Added Pin To Net: NetName=NetIC?_1 Pin=IC?-1
Added Pin To Net: NetName=VCC Pin=IC?-1
Added Pin To Net: NetName=GND Pin=IC?-2
Added Pin To Net: NetName=NetIC?_2 Pin=IC?-2
Added Pin To Net: NetName=+5 Pin=IC?-3
Added Pin To Net: NetName=NetIC?_3 Pin=IC?-3
Added Member To Class: ClassName=bee_hive_1 Member=Component D? 5v
Added Member To Class: ClassName=bee_hive_1 Member=Component D? 5v
Added Member To Class: ClassName=bee_hive_1 Member=Component IC? 173950578
Added Member To Class: ClassName=bee_hive_1 Member=Component R? Res1
Added Member To Class: ClassName=bee_hive_1 Member=Component R? Res1
Added Member To Class: ClassName=bee_hive_1 Member=Component R? Res1
Added Member To Class: ClassName=bee_hive_1 Member=Component R? Res1
Added Member To Class: ClassName=bee_hive_1 Member=Component R? Res1
Added Member To Class: ClassName=bee_hive_1 Member=Component R? Res1
Added Member To Class: ClassName=bee_hive_1 Member=Component R? Res1
Added Member To Class: ClassName=bee_hive_1 Member=Component R? Res1
Added Member To Class: ClassName=bee_hive_1 Member=Component R? MRS25000C1000FCT00
Added Member To Class: ClassName=bee_hive_1 Member=Component R? Res1
Added Member To Class: ClassName=bee_hive_1 Member=Component R? Res1
